<?xml version="1.0" encoding="UTF-8"?>
<testng-results ignored="0" total="1" passed="1" failed="0" skipped="0">
  <reporter-output>
  </reporter-output>
  <suite started-at="2023-07-28T00:20:09Z" name="Default suite" finished-at="2023-07-28T00:20:35Z" duration-ms="26318">
    <groups>
    </groups>
    <test started-at="2023-07-28T00:20:09Z" name="Default test" finished-at="2023-07-28T00:20:35Z" duration-ms="26318">
      <class name="prueba.NewTest">
        <test-method signature="tc01()[pri:0, instance:prueba.NewTest@6f44a157]" started-at="2023-07-27T17:20:09Z" name="tc01" finished-at="2023-07-27T17:20:35Z" duration-ms="26244" status="PASS">
          <reporter-output>
          </reporter-output>
        </test-method> <!-- tc01 -->
      </class> <!-- prueba.NewTest -->
    </test> <!-- Default test -->
  </suite> <!-- Default suite -->
</testng-results>
